<?xml version="1.0" encoding="UTF-8"?>
<!-- Generated by org.testng.reporters.JUnitXMLReporter -->
<testsuite ignored="0" hostname="DESKTOP-0QRM3M5" failures="0" tests="3" name="Login" time="41.253" errors="0" timestamp="2022-01-03T05:34:08 ICT">
  <testcase classname="test.onBoarding.Login" name="loginValid" time="3.319"/>
  <testcase classname="test.onBoarding.Login" name="logout" time="2.782"/>
  <testcase classname="test.onBoarding.Login" name="loginInvalid" time="2.015"/>
</testsuite> <!-- Login -->
