<?xml version="1.0" encoding="UTF-8"?>
<testng-results ignored="0" total="3" passed="3" failed="0" skipped="0">
  <reporter-output>
  </reporter-output>
  <suite started-at="2022-01-03T05:33:26 ICT" name="test.onBoarding" finished-at="2022-01-03T05:34:08 ICT" duration-ms="41253">
    <groups>
    </groups>
    <test started-at="2022-01-03T05:33:26 ICT" name="Login" finished-at="2022-01-03T05:34:08 ICT" duration-ms="41253">
      <class name="test.onBoarding.Login">
        <test-method is-config="true" signature="setup()[pri:0, instance:test.onBoarding.Login@2e48362c]" started-at="2022-01-03T05:33:31 ICT" name="setup" finished-at="2022-01-03T05:33:47 ICT" duration-ms="15758" status="PASS">
          <reporter-output>
          </reporter-output>
        </test-method> <!-- setup -->
        <test-method signature="loginValid()[pri:0, instance:test.onBoarding.Login@2e48362c]" started-at="2022-01-03T05:33:47 ICT" name="loginValid" finished-at="2022-01-03T05:33:50 ICT" duration-ms="3319" status="PASS">
          <reporter-output>
          </reporter-output>
        </test-method> <!-- loginValid -->
        <test-method signature="logout()[pri:1, instance:test.onBoarding.Login@2e48362c]" started-at="2022-01-03T05:34:01 ICT" name="logout" finished-at="2022-01-03T05:34:04 ICT" duration-ms="2782" status="PASS">
          <reporter-output>
          </reporter-output>
        </test-method> <!-- logout -->
        <test-method signature="loginInvalid()[pri:2, instance:test.onBoarding.Login@2e48362c]" started-at="2022-01-03T05:34:05 ICT" name="loginInvalid" finished-at="2022-01-03T05:34:07 ICT" duration-ms="2015" status="PASS">
          <reporter-output>
          </reporter-output>
        </test-method> <!-- loginInvalid -->
        <test-method is-config="true" signature="tearDown()[pri:0, instance:test.onBoarding.Login@2e48362c]" started-at="2022-01-03T05:34:07 ICT" name="tearDown" finished-at="2022-01-03T05:34:08 ICT" duration-ms="269" status="PASS">
          <reporter-output>
          </reporter-output>
        </test-method> <!-- tearDown -->
      </class> <!-- test.onBoarding.Login -->
    </test> <!-- Login -->
  </suite> <!-- test.onBoarding -->
</testng-results>
